[debug] [2019-07-25T21:53:26.723Z] ----------------------------------------------------------------------
[debug] [2019-07-25T21:53:26.725Z] Command:       /usr/local/bin/node /usr/local/bin/firebase deploy --only functions
[debug] [2019-07-25T21:53:26.725Z] CLI Version:   7.2.0
[debug] [2019-07-25T21:53:26.725Z] Platform:      darwin
[debug] [2019-07-25T21:53:26.725Z] Node Version:  v8.12.0
[debug] [2019-07-25T21:53:26.726Z] Time:          Thu Jul 25 2019 14:53:26 GMT-0700 (PDT)
[debug] [2019-07-25T21:53:26.726Z] ----------------------------------------------------------------------
[debug] 
[debug] [2019-07-25T21:53:26.734Z] > command requires scopes: ["email","openid","https://www.googleapis.com/auth/cloudplatformprojects.readonly","https://www.googleapis.com/auth/firebase","https://www.googleapis.com/auth/cloud-platform"]
[debug] [2019-07-25T21:53:26.734Z] > authorizing via signed-in user
[debug] [2019-07-25T21:53:26.734Z] [iam] checking project mario-tutorial for permissions ["cloudfunctions.functions.create","cloudfunctions.functions.delete","cloudfunctions.functions.get","cloudfunctions.functions.list","cloudfunctions.functions.update","cloudfunctions.operations.get","firebase.projects.get"]
[debug] [2019-07-25T21:53:26.736Z] >>> HTTP REQUEST POST https://cloudresourcemanager.googleapis.com/v1/projects/mario-tutorial:testIamPermissions  

[debug] [2019-07-25T21:53:26.878Z] <<< HTTP RESPONSE 200
[info] 
[info] === Deploying to 'mario-tutorial'...
[info] 
[info] i  deploying functions
[debug] [2019-07-25T21:53:28.097Z] > [functions] package.json contents: {
  "name": "functions",
  "description": "Cloud Functions for Firebase",
  "scripts": {
    "serve": "firebase serve --only functions",
    "shell": "firebase functions:shell",
    "start": "npm run shell",
    "deploy": "firebase deploy --only functions",
    "logs": "firebase functions:log"
  },
  "engines": {
    "node": "8"
  },
  "dependencies": {
    "firebase-admin": "^8.0.0",
    "firebase-functions": "^3.1.0"
  },
  "devDependencies": {
    "firebase-functions-test": "^0.1.6"
  },
  "private": true
}
[info] i  functions: ensuring necessary APIs are enabled...
[debug] [2019-07-25T21:53:28.099Z] >>> HTTP REQUEST GET https://servicemanagement.googleapis.com/v1/services/cloudfunctions.googleapis.com/projectSettings/mario-tutorial?view=CONSUMER_VIEW  
 
[debug] [2019-07-25T21:53:28.100Z] >>> HTTP REQUEST GET https://servicemanagement.googleapis.com/v1/services/runtimeconfig.googleapis.com/projectSettings/mario-tutorial?view=CONSUMER_VIEW  
 
[debug] [2019-07-25T21:53:29.004Z] <<< HTTP RESPONSE 200
[debug] [2019-07-25T21:53:29.024Z] <<< HTTP RESPONSE 200
[info] ✔  functions: all necessary APIs are enabled
[debug] [2019-07-25T21:53:29.025Z] >>> HTTP REQUEST GET https://cloudresourcemanager.googleapis.com/v1/projects/mario-tutorial  
 
[debug] [2019-07-25T21:53:29.599Z] <<< HTTP RESPONSE 200
[debug] [2019-07-25T21:53:29.599Z] >>> HTTP REQUEST GET https://mobilesdk-pa.googleapis.com/v1/projects/856168172972:getServerAppConfig  
 
[debug] [2019-07-25T21:53:29.709Z] <<< HTTP RESPONSE 200
[info] i  functions: preparing functions directory for uploading...
[debug] [2019-07-25T21:53:29.711Z] >>> HTTP REQUEST GET https://runtimeconfig.googleapis.com/v1beta1/projects/mario-tutorial/configs  
 
[debug] [2019-07-25T21:53:29.852Z] <<< HTTP RESPONSE 200
[info] i  functions: packaged functions (24.13 KB) for uploading
[debug] [2019-07-25T21:53:30.038Z] >>> HTTP REQUEST POST https://cloudfunctions.googleapis.com/v1/projects/mario-tutorial/locations/us-central1/functions:generateUploadUrl  
 
